Build started 11/11/2015 23:09:10.
     1>Project "C:\Users\Hilze\documents\visual studio 2015\Projects\Arena like\Arena like\Arena like.vcxproj" on node 2 (Build target(s)).
     1>ClCompile:
         C:\Program Files (x86)\Microsoft Visual Studio 14.0\VC\bin\CL.exe /c /I"../resources/resources/sfml-include" /Zi /nologo /W3 /WX- /sdl /O2 /Oi /Oy- /GL /D WIN32 /D NDEBUG /D _CONSOLE /D _UNICODE /D UNICODE /Gm- /EHsc /MD /GS /Gy /fp:precise /Zc:wchar_t /Zc:forScope /Zc:inline /Fo"Release\\" /Fd"Release\vc140.pdb" /Gd /TP /analyze- /errorReport:prompt Base.cpp
         Base.cpp
       Link:
         C:\Program Files (x86)\Microsoft Visual Studio 14.0\VC\bin\link.exe /ERRORREPORT:PROMPT /OUT:"C:\Users\Hilze\documents\visual studio 2015\Projects\Arena like\Release\Arena like.exe" /INCREMENTAL:NO /NOLOGO /LIBPATH:"../resources/resources/sfml-lib" "sfml-window.lib" "sfml-system.lib" "sfml-audio.lib" "sfml-network.lib" "sfml-graphics.lib" kernel32.lib user32.lib gdi32.lib winspool.lib comdlg32.lib advapi32.lib shell32.lib ole32.lib oleaut32.lib uuid.lib odbc32.lib odbccp32.lib /MANIFEST /MANIFESTUAC:"level='asInvoker' uiAccess='false'" /manifest:embed /Debug /PDB:"C:\Users\Hilze\documents\visual studio 2015\Projects\Arena like\Release\Arena like.pdb" /SUBSYSTEM:CONSOLE /OPT:REF /OPT:ICF /LTCG:incremental /TLBID:1 /DYNAMICBASE /NXCOMPAT /IMPLIB:"C:\Users\Hilze\documents\visual studio 2015\Projects\Arena like\Release\Arena like.lib" /MACHINE:X86 /SAFESEH Release\Base.obj
         Release\Bullet.obj
         Release\Enemy.obj
         Release\main.obj
         Release\Menu.obj
         Release\Player.obj
         Release\TileMap.obj
         Release\Window.obj
         Generating code
         8 of 609 functions ( 1.3%) were compiled, the rest were copied from previous compilation.
           0 functions were new in current compilation
           8 functions had inline decision re-evaluated but remain unchanged
         Finished generating code
         Arena like.vcxproj -> C:\Users\Hilze\documents\visual studio 2015\Projects\Arena like\Release\Arena like.exe
     1>Done Building Project "C:\Users\Hilze\documents\visual studio 2015\Projects\Arena like\Arena like\Arena like.vcxproj" (Build target(s)).

Build succeeded.

Time Elapsed 00:00:02.23
